The system is: Darwin - 22.5.0 - arm64
Compiling the CXX compiler identification source file "CMakeCXXCompilerId.cpp" succeeded.
Compiler: /Library/Developer/CommandLineTools/usr/bin/c++ 
Build flags: 
Id flags: -c 

The output was:
0


Compilation of the CXX compiler identification source "CMakeCXXCompilerId.cpp" produced "CMakeCXXCompilerId.o"

The CXX compiler identification is AppleClang, found in "/Users/prashant/Desktop/Snakes_And_Laddes/cmake-build-debug/CMakeFiles/3.25.2/CompilerIdCXX/CMakeCXXCompilerId.o"

Detecting CXX compiler ABI info compiled with the following output:
Change Dir: /Users/prashant/Desktop/Snakes_And_Laddes/cmake-build-debug/CMakeFiles/CMakeScratch/TryCompile-LhcgIM

Run Build Command(s):/usr/bin/make -f Makefile cmTC_7519b/fast && /Library/Developer/CommandLineTools/usr/bin/make  -f CMakeFiles/cmTC_7519b.dir/build.make CMakeFiles/cmTC_7519b.dir/build
Building CXX object CMakeFiles/cmTC_7519b.dir/CMakeCXXCompilerABI.cpp.o
/Library/Developer/CommandLineTools/usr/bin/c++   -arch arm64 -isysroot /Library/Developer/CommandLineTools/SDKs/MacOSX13.3.sdk -fcolor-diagnostics   -v -Wl,-v -MD -MT CMakeFiles/cmTC_7519b.dir/CMakeCXXCompilerABI.cpp.o -MF CMakeFiles/cmTC_7519b.dir/CMakeCXXCompilerABI.cpp.o.d -o CMakeFiles/cmTC_7519b.dir/CMakeCXXCompilerABI.cpp.o -c /Applications/CLion.app/Contents/bin/cmake/mac/share/cmake-3.25/Modules/CMakeCXXCompilerABI.cpp
Apple clang version 14.0.3 (clang-1403.0.22.14.1)
Target: arm64-apple-darwin22.5.0
Thread model: posix
InstalledDir: /Library/Developer/CommandLineTools/usr/bin
clang: [0;1;35mwarning: [0m[1m-Wl,-v: 'linker' input unused [-Wunused-command-line-argument][0m
 "/Library/Developer/CommandLineTools/usr/bin/clang" -cc1 -triple arm64-apple-macosx13.0.0 -Wundef-prefix=TARGET_OS_ -Wdeprecated-objc-isa-usage -Werror=deprecated-objc-isa-usage -Werror=implicit-function-declaration -emit-obj -mrelax-all --mrelax-relocations -disable-free -clear-ast-before-backend -disable-llvm-verifier -discard-value-names -main-file-name CMakeCXXCompilerABI.cpp -mrelocation-model pic -pic-level 2 -mframe-pointer=non-leaf -fno-strict-return -ffp-contract=on -fno-rounding-math -funwind-tables=1 -fobjc-msgsend-selector-stubs -target-sdk-version=13.3 -fvisibility-inlines-hidden-static-local-var -target-cpu apple-m1 -target-feature +v8.5a -target-feature +crc -target-feature +lse -target-feature +rdm -target-feature +crypto -target-feature +dotprod -target-feature +fp-armv8 -target-feature +neon -target-feature +fp16fml -target-feature +ras -target-feature +rcpc -target-feature +zcm -target-feature +zcz -target-feature +fullfp16 -target-feature +sm4 -target-feature +sha3 -target-feature +sha2 -target-feature +aes -target-abi darwinpcs -fallow-half-arguments-and-returns -mllvm -treat-scalable-fixed-error-as-warning -debugger-tuning=lldb -target-linker-version 857.1 -v -fcoverage-compilation-dir=/Users/prashant/Desktop/Snakes_And_Laddes/cmake-build-debug/CMakeFiles/CMakeScratch/TryCompile-LhcgIM -resource-dir /Library/Developer/CommandLineTools/usr/lib/clang/14.0.3 -dependency-file CMakeFiles/cmTC_7519b.dir/CMakeCXXCompilerABI.cpp.o.d -skip-unused-modulemap-deps -MT CMakeFiles/cmTC_7519b.dir/CMakeCXXCompilerABI.cpp.o -sys-header-deps -isysroot /Library/Developer/CommandLineTools/SDKs/MacOSX13.3.sdk -stdlib=libc++ -internal-isystem /Library/Developer/CommandLineTools/SDKs/MacOSX13.3.sdk/usr/include/c++/v1 -internal-isystem /Library/Developer/CommandLineTools/SDKs/MacOSX13.3.sdk/usr/local/include -internal-isystem /Library/Developer/CommandLineTools/usr/lib/clang/14.0.3/include -internal-externc-isystem /Library/Developer/CommandLineTools/SDKs/MacOSX13.3.sdk/usr/include -internal-externc-isystem /Library/Developer/CommandLineTools/usr/include -Wno-reorder-init-list -Wno-implicit-int-float-conversion -Wno-c99-designator -Wno-final-dtor-non-final-class -Wno-extra-semi-stmt -Wno-misleading-indentation -Wno-quoted-include-in-framework-header -Wno-implicit-fallthrough -Wno-enum-enum-conversion -Wno-enum-float-conversion -Wno-elaborated-enum-base -Wno-reserved-identifier -Wno-gnu-folding-constant -fdeprecated-macro -fdebug-compilation-dir=/Users/prashant/Desktop/Snakes_And_Laddes/cmake-build-debug/CMakeFiles/CMakeScratch/TryCompile-LhcgIM -ferror-limit 19 -stack-protector 1 -fstack-check -mdarwin-stkchk-strong-link -fblocks -fencode-extended-block-signature -fregister-global-dtors-with-atexit -fgnuc-version=4.2.1 -fno-cxx-modules -no-opaque-pointers -fcxx-exceptions -fexceptions -fmax-type-align=16 -fcommon -fcolor-diagnostics -clang-vendor-feature=+disableNonDependentMemberExprInCurrentInstantiation -fno-odr-hash-protocols -clang-vendor-feature=+enableAggressiveVLAFolding -clang-vendor-feature=+revert09abecef7bbf -clang-vendor-feature=+thisNoAlignAttr -clang-vendor-feature=+thisNoNullAttr -mllvm -disable-aligned-alloc-awareness=1 -D__GCC_HAVE_DWARF2_CFI_ASM=1 -o CMakeFiles/cmTC_7519b.dir/CMakeCXXCompilerABI.cpp.o -x c++ /Applications/CLion.app/Contents/bin/cmake/mac/share/cmake-3.25/Modules/CMakeCXXCompilerABI.cpp
clang -cc1 version 14.0.3 (clang-1403.0.22.14.1) default target arm64-apple-darwin22.5.0
ignoring nonexistent directory "/Library/Developer/CommandLineTools/SDKs/MacOSX13.3.sdk/usr/local/include"
ignoring nonexistent directory "/Library/Developer/CommandLineTools/SDKs/MacOSX13.3.sdk/Library/Frameworks"
#include "..." search starts here:
#include <...> search starts here:
 /Library/Developer/CommandLineTools/SDKs/MacOSX13.3.sdk/usr/include/c++/v1
 /Library/Developer/CommandLineTools/usr/lib/clang/14.0.3/include
 /Library/Developer/CommandLineTools/SDKs/MacOSX13.3.sdk/usr/include
 /Library/Developer/CommandLineTools/usr/include
 /Library/Developer/CommandLineTools/SDKs/MacOSX13.3.sdk/System/Library/Frameworks (framework directory)
End of search list.
Linking CXX executable cmTC_7519b
/Applications/CLion.app/Contents/bin/cmake/mac/bin/cmake -E cmake_link_script CMakeFiles/cmTC_7519b.dir/link.txt --verbose=1
/Library/Developer/CommandLineTools/usr/bin/c++  -arch arm64 -isysroot /Library/Developer/CommandLineTools/SDKs/MacOSX13.3.sdk -Wl,-search_paths_first -Wl,-headerpad_max_install_names  -v -Wl,-v CMakeFiles/cmTC_7519b.dir/CMakeCXXCompilerABI.cpp.o -o cmTC_7519b 
Apple clang version 14.0.3 (clang-1403.0.22.14.1)
Target: arm64-apple-darwin22.5.0
Thread model: posix
InstalledDir: /Library/Developer/CommandLineTools/usr/bin
 "/Library/Developer/CommandLineTools/usr/bin/ld" -demangle -lto_library /Library/Developer/CommandLineTools/usr/lib/libLTO.dylib -dynamic -arch arm64 -platform_version macos 13.0.0 13.3 -syslibroot /Library/Developer/CommandLineTools/SDKs/MacOSX13.3.sdk -o cmTC_7519b -search_paths_first -headerpad_max_install_names -v CMakeFiles/cmTC_7519b.dir/CMakeCXXCompilerABI.cpp.o -lc++ -lSystem /Library/Developer/CommandLineTools/usr/lib/clang/14.0.3/lib/darwin/libclang_rt.osx.a
@(#)PROGRAM:ld  PROJECT:ld64-857.1
BUILD 23:13:29 May  7 2023
configured to support archs: armv6 armv7 armv7s arm64 arm64e arm64_32 i386 x86_64 x86_64h armv6m armv7k armv7m armv7em
Library search paths:
	/Library/Developer/CommandLineTools/SDKs/MacOSX13.3.sdk/usr/lib
Framework search paths:
	/Library/Developer/CommandLineTools/SDKs/MacOSX13.3.sdk/System/Library/Frameworks/



Parsed CXX implicit include dir info from above output: rv=loading
  found start of include info
  warn: unable to parse implicit include dirs!


Parsed CXX implicit link information from above output:
  link line regex: [^( *|.*[/\])(ld|CMAKE_LINK_STARTFILE-NOTFOUND|([^/\]+-)?ld|collect2)[^/\]*( |$)]
  ignore line: [Change Dir: /Users/prashant/Desktop/Snakes_And_Laddes/cmake-build-debug/CMakeFiles/CMakeScratch/TryCompile-LhcgIM]
  ignore line: []
  ignore line: [Run Build Command(s):/usr/bin/make -f Makefile cmTC_7519b/fast && /Library/Developer/CommandLineTools/usr/bin/make  -f CMakeFiles/cmTC_7519b.dir/build.make CMakeFiles/cmTC_7519b.dir/build]
  ignore line: [Building CXX object CMakeFiles/cmTC_7519b.dir/CMakeCXXCompilerABI.cpp.o]
  ignore line: [/Library/Developer/CommandLineTools/usr/bin/c++   -arch arm64 -isysroot /Library/Developer/CommandLineTools/SDKs/MacOSX13.3.sdk -fcolor-diagnostics   -v -Wl -v -MD -MT CMakeFiles/cmTC_7519b.dir/CMakeCXXCompilerABI.cpp.o -MF CMakeFiles/cmTC_7519b.dir/CMakeCXXCompilerABI.cpp.o.d -o CMakeFiles/cmTC_7519b.dir/CMakeCXXCompilerABI.cpp.o -c /Applications/CLion.app/Contents/bin/cmake/mac/share/cmake-3.25/Modules/CMakeCXXCompilerABI.cpp]
  ignore line: [Apple clang version 14.0.3 (clang-1403.0.22.14.1)]
  ignore line: [Target: arm64-apple-darwin22.5.0]
  ignore line: [Thread model: posix]
  ignore line: [InstalledDir: /Library/Developer/CommandLineTools/usr/bin]
  ignore line: [clang: [0;1;35mwarning: [0m[1m-Wl,-v: 'linker' input unused [-Wunused-command-line-argument][0m; "/Library/Developer/CommandLineTools/usr/bin/clang" -cc1 -triple arm64-apple-macosx13.0.0 -Wundef-prefix=TARGET_OS_ -Wdeprecated-objc-isa-usage -Werror=deprecated-objc-isa-usage -Werror=implicit-function-declaration -emit-obj -mrelax-all --mrelax-relocations -disable-free -clear-ast-before-backend -disable-llvm-verifier -discard-value-names -main-file-name CMakeCXXCompilerABI.cpp -mrelocation-model pic -pic-level 2 -mframe-pointer=non-leaf -fno-strict-return -ffp-contract=on -fno-rounding-math -funwind-tables=1 -fobjc-msgsend-selector-stubs -target-sdk-version=13.3 -fvisibility-inlines-hidden-static-local-var -target-cpu apple-m1 -target-feature +v8.5a -target-feature +crc -target-feature +lse -target-feature +rdm -target-feature +crypto -target-feature +dotprod -target-feature +fp-armv8 -target-feature +neon -target-feature +fp16fml -target-feature +ras -target-feature +rcpc -target-feature +zcm -target-feature +zcz -target-feature +fullfp16 -target-feature +sm4 -target-feature +sha3 -target-feature +sha2 -target-feature +aes -target-abi darwinpcs -fallow-half-arguments-and-returns -mllvm -treat-scalable-fixed-error-as-warning -debugger-tuning=lldb -target-linker-version 857.1 -v -fcoverage-compilation-dir=/Users/prashant/Desktop/Snakes_And_Laddes/cmake-build-debug/CMakeFiles/CMakeScratch/TryCompile-LhcgIM -resource-dir /Library/Developer/CommandLineTools/usr/lib/clang/14.0.3 -dependency-file CMakeFiles/cmTC_7519b.dir/CMakeCXXCompilerABI.cpp.o.d -skip-unused-modulemap-deps -MT CMakeFiles/cmTC_7519b.dir/CMakeCXXCompilerABI.cpp.o -sys-header-deps -isysroot /Library/Developer/CommandLineTools/SDKs/MacOSX13.3.sdk -stdlib=libc++ -internal-isystem /Library/Developer/CommandLineTools/SDKs/MacOSX13.3.sdk/usr/include/c++/v1 -internal-isystem /Library/Developer/CommandLineTools/SDKs/MacOSX13.3.sdk/usr/local/include -internal-isystem /Library/Developer/CommandLineTools/usr/lib/clang/14.0.3/include -internal-externc-isystem /Library/Developer/CommandLineTools/SDKs/MacOSX13.3.sdk/usr/include -internal-externc-isystem /Library/Developer/CommandLineTools/usr/include -Wno-reorder-init-list -Wno-implicit-int-float-conversion -Wno-c99-designator -Wno-final-dtor-non-final-class -Wno-extra-semi-stmt -Wno-misleading-indentation -Wno-quoted-include-in-framework-header -Wno-implicit-fallthrough -Wno-enum-enum-conversion -Wno-enum-float-conversion -Wno-elaborated-enum-base -Wno-reserved-identifier -Wno-gnu-folding-constant -fdeprecated-macro -fdebug-compilation-dir=/Users/prashant/Desktop/Snakes_And_Laddes/cmake-build-debug/CMakeFiles/CMakeScratch/TryCompile-LhcgIM -ferror-limit 19 -stack-protector 1 -fstack-check -mdarwin-stkchk-strong-link -fblocks -fencode-extended-block-signature -fregister-global-dtors-with-atexit -fgnuc-version=4.2.1 -fno-cxx-modules -no-opaque-pointers -fcxx-exceptions -fexceptions -fmax-type-align=16 -fcommon -fcolor-diagnostics -clang-vendor-feature=+disableNonDependentMemberExprInCurrentInstantiation -fno-odr-hash-protocols -clang-vendor-feature=+enableAggressiveVLAFolding -clang-vendor-feature=+revert09abecef7bbf -clang-vendor-feature=+thisNoAlignAttr -clang-vendor-feature=+thisNoNullAttr -mllvm -disable-aligned-alloc-awareness=1 -D__GCC_HAVE_DWARF2_CFI_ASM=1 -o CMakeFiles/cmTC_7519b.dir/CMakeCXXCompilerABI.cpp.o -x c++ /Applications/CLion.app/Contents/bin/cmake/mac/share/cmake-3.25/Modules/CMakeCXXCompilerABI.cpp;clang -cc1 version 14.0.3 (clang-1403.0.22.14.1) default target arm64-apple-darwin22.5.0;ignoring nonexistent directory "/Library/Developer/CommandLineTools/SDKs/MacOSX13.3.sdk/usr/local/include";ignoring nonexistent directory "/Library/Developer/CommandLineTools/SDKs/MacOSX13.3.sdk/Library/Frameworks";#include "..." search starts here:;#include <...> search starts here:; /Library/Developer/CommandLineTools/SDKs/MacOSX13.3.sdk/usr/include/c++/v1; /Library/Developer/CommandLineTools/usr/lib/clang/14.0.3/include; /Library/Developer/CommandLineTools/SDKs/MacOSX13.3.sdk/usr/include; /Library/Developer/CommandLineTools/usr/include; /Library/Developer/CommandLineTools/SDKs/MacOSX13.3.sdk/System/Library/Frameworks (framework directory);End of search list.;Linking CXX executable cmTC_7519b;/Applications/CLion.app/Contents/bin/cmake/mac/bin/cmake -E cmake_link_script CMakeFiles/cmTC_7519b.dir/link.txt --verbose=1;/Library/Developer/CommandLineTools/usr/bin/c++  -arch arm64 -isysroot /Library/Developer/CommandLineTools/SDKs/MacOSX13.3.sdk -Wl,-search_paths_first -Wl,-headerpad_max_install_names  -v -Wl,-v CMakeFiles/cmTC_7519b.dir/CMakeCXXCompilerABI.cpp.o -o cmTC_7519b ;Apple clang version 14.0.3 (clang-1403.0.22.14.1);Target: arm64-apple-darwin22.5.0;Thread model: posix;InstalledDir: /Library/Developer/CommandLineTools/usr/bin; "/Library/Developer/CommandLineTools/usr/bin/ld" -demangle -lto_library /Library/Developer/CommandLineTools/usr/lib/libLTO.dylib -dynamic -arch arm64 -platform_version macos 13.0.0 13.3 -syslibroot /Library/Developer/CommandLineTools/SDKs/MacOSX13.3.sdk -o cmTC_7519b -search_paths_first -headerpad_max_install_names -v CMakeFiles/cmTC_7519b.dir/CMakeCXXCompilerABI.cpp.o -lc++ -lSystem /Library/Developer/CommandLineTools/usr/lib/clang/14.0.3/lib/darwin/libclang_rt.osx.a;@(#)PROGRAM:ld  PROJECT:ld64-857.1;BUILD 23:13:29 May  7 2023;configured to support archs: armv6 armv7 armv7s arm64 arm64e arm64_32 i386 x86_64 x86_64h armv6m armv7k armv7m armv7em;Library search paths:;	/Library/Developer/CommandLineTools/SDKs/MacOSX13.3.sdk/usr/lib;Framework search paths:;	/Library/Developer/CommandLineTools/SDKs/MacOSX13.3.sdk/System/Library/Frameworks/;;]
  Library search paths: [;/Library/Developer/CommandLineTools/SDKs/MacOSX13.3.sdk/usr/lib]
  Framework search paths: [;/Library/Developer/CommandLineTools/SDKs/MacOSX13.3.sdk/System/Library/Frameworks/]
  collapse library dir [/Library/Developer/CommandLineTools/SDKs/MacOSX13.3.sdk/usr/lib] ==> [/Library/Developer/CommandLineTools/SDKs/MacOSX13.3.sdk/usr/lib]
  collapse framework dir [/Library/Developer/CommandLineTools/SDKs/MacOSX13.3.sdk/System/Library/Frameworks/] ==> [/Library/Developer/CommandLineTools/SDKs/MacOSX13.3.sdk/System/Library/Frameworks]
  implicit libs: []
  implicit objs: []
  implicit dirs: [/Library/Developer/CommandLineTools/SDKs/MacOSX13.3.sdk/usr/lib]
  implicit fwks: [/Library/Developer/CommandLineTools/SDKs/MacOSX13.3.sdk/System/Library/Frameworks]


Performing C++ SOURCE FILE Test CXXFLAG_WALL_OKAY succeeded with the following output:
Change Dir: /Users/prashant/Desktop/Snakes_And_Laddes/cmake-build-debug/CMakeFiles/CMakeScratch/TryCompile-lCfNvm

Run Build Command(s):/usr/bin/make -f Makefile cmTC_863fb/fast && /Library/Developer/CommandLineTools/usr/bin/make  -f CMakeFiles/cmTC_863fb.dir/build.make CMakeFiles/cmTC_863fb.dir/build
Building CXX object CMakeFiles/cmTC_863fb.dir/src.cxx.o
/Library/Developer/CommandLineTools/usr/bin/c++ -DCXXFLAG_WALL_OKAY  -arch arm64 -isysroot /Library/Developer/CommandLineTools/SDKs/MacOSX13.3.sdk -fcolor-diagnostics   -Wall -MD -MT CMakeFiles/cmTC_863fb.dir/src.cxx.o -MF CMakeFiles/cmTC_863fb.dir/src.cxx.o.d -o CMakeFiles/cmTC_863fb.dir/src.cxx.o -c /Users/prashant/Desktop/Snakes_And_Laddes/cmake-build-debug/CMakeFiles/CMakeScratch/TryCompile-lCfNvm/src.cxx
Linking CXX executable cmTC_863fb
/Applications/CLion.app/Contents/bin/cmake/mac/bin/cmake -E cmake_link_script CMakeFiles/cmTC_863fb.dir/link.txt --verbose=1
/Library/Developer/CommandLineTools/usr/bin/c++  -arch arm64 -isysroot /Library/Developer/CommandLineTools/SDKs/MacOSX13.3.sdk -Wl,-search_paths_first -Wl,-headerpad_max_install_names CMakeFiles/cmTC_863fb.dir/src.cxx.o -o cmTC_863fb 


Source file was:
int main() { return 0; }

Performing C++ SOURCE FILE Test CXXFLAG_WCAST_QUAL_OKAY succeeded with the following output:
Change Dir: /Users/prashant/Desktop/Snakes_And_Laddes/cmake-build-debug/CMakeFiles/CMakeScratch/TryCompile-Yt14j9

Run Build Command(s):/usr/bin/make -f Makefile cmTC_72177/fast && /Library/Developer/CommandLineTools/usr/bin/make  -f CMakeFiles/cmTC_72177.dir/build.make CMakeFiles/cmTC_72177.dir/build
Building CXX object CMakeFiles/cmTC_72177.dir/src.cxx.o
/Library/Developer/CommandLineTools/usr/bin/c++ -DCXXFLAG_WCAST_QUAL_OKAY  -arch arm64 -isysroot /Library/Developer/CommandLineTools/SDKs/MacOSX13.3.sdk -fcolor-diagnostics   -Wcast-qual -MD -MT CMakeFiles/cmTC_72177.dir/src.cxx.o -MF CMakeFiles/cmTC_72177.dir/src.cxx.o.d -o CMakeFiles/cmTC_72177.dir/src.cxx.o -c /Users/prashant/Desktop/Snakes_And_Laddes/cmake-build-debug/CMakeFiles/CMakeScratch/TryCompile-Yt14j9/src.cxx
Linking CXX executable cmTC_72177
/Applications/CLion.app/Contents/bin/cmake/mac/bin/cmake -E cmake_link_script CMakeFiles/cmTC_72177.dir/link.txt --verbose=1
/Library/Developer/CommandLineTools/usr/bin/c++  -arch arm64 -isysroot /Library/Developer/CommandLineTools/SDKs/MacOSX13.3.sdk -Wl,-search_paths_first -Wl,-headerpad_max_install_names CMakeFiles/cmTC_72177.dir/src.cxx.o -o cmTC_72177 


Source file was:
int main() { return 0; }

Performing C++ SOURCE FILE Test CXXFLAG_WDANGLING_ELSE_OKAY succeeded with the following output:
Change Dir: /Users/prashant/Desktop/Snakes_And_Laddes/cmake-build-debug/CMakeFiles/CMakeScratch/TryCompile-xmIMpY

Run Build Command(s):/usr/bin/make -f Makefile cmTC_ddf09/fast && /Library/Developer/CommandLineTools/usr/bin/make  -f CMakeFiles/cmTC_ddf09.dir/build.make CMakeFiles/cmTC_ddf09.dir/build
Building CXX object CMakeFiles/cmTC_ddf09.dir/src.cxx.o
/Library/Developer/CommandLineTools/usr/bin/c++ -DCXXFLAG_WDANGLING_ELSE_OKAY  -arch arm64 -isysroot /Library/Developer/CommandLineTools/SDKs/MacOSX13.3.sdk -fcolor-diagnostics   -Wdangling-else -MD -MT CMakeFiles/cmTC_ddf09.dir/src.cxx.o -MF CMakeFiles/cmTC_ddf09.dir/src.cxx.o.d -o CMakeFiles/cmTC_ddf09.dir/src.cxx.o -c /Users/prashant/Desktop/Snakes_And_Laddes/cmake-build-debug/CMakeFiles/CMakeScratch/TryCompile-xmIMpY/src.cxx
Linking CXX executable cmTC_ddf09
/Applications/CLion.app/Contents/bin/cmake/mac/bin/cmake -E cmake_link_script CMakeFiles/cmTC_ddf09.dir/link.txt --verbose=1
/Library/Developer/CommandLineTools/usr/bin/c++  -arch arm64 -isysroot /Library/Developer/CommandLineTools/SDKs/MacOSX13.3.sdk -Wl,-search_paths_first -Wl,-headerpad_max_install_names CMakeFiles/cmTC_ddf09.dir/src.cxx.o -o cmTC_ddf09 


Source file was:
int main() { return 0; }

Performing C++ SOURCE FILE Test CXXFLAG_WNULL_DEREFERENCE_OKAY succeeded with the following output:
Change Dir: /Users/prashant/Desktop/Snakes_And_Laddes/cmake-build-debug/CMakeFiles/CMakeScratch/TryCompile-pkLcaj

Run Build Command(s):/usr/bin/make -f Makefile cmTC_dcd51/fast && /Library/Developer/CommandLineTools/usr/bin/make  -f CMakeFiles/cmTC_dcd51.dir/build.make CMakeFiles/cmTC_dcd51.dir/build
Building CXX object CMakeFiles/cmTC_dcd51.dir/src.cxx.o
/Library/Developer/CommandLineTools/usr/bin/c++ -DCXXFLAG_WNULL_DEREFERENCE_OKAY  -arch arm64 -isysroot /Library/Developer/CommandLineTools/SDKs/MacOSX13.3.sdk -fcolor-diagnostics   -Wnull-dereference -MD -MT CMakeFiles/cmTC_dcd51.dir/src.cxx.o -MF CMakeFiles/cmTC_dcd51.dir/src.cxx.o.d -o CMakeFiles/cmTC_dcd51.dir/src.cxx.o -c /Users/prashant/Desktop/Snakes_And_Laddes/cmake-build-debug/CMakeFiles/CMakeScratch/TryCompile-pkLcaj/src.cxx
Linking CXX executable cmTC_dcd51
/Applications/CLion.app/Contents/bin/cmake/mac/bin/cmake -E cmake_link_script CMakeFiles/cmTC_dcd51.dir/link.txt --verbose=1
/Library/Developer/CommandLineTools/usr/bin/c++  -arch arm64 -isysroot /Library/Developer/CommandLineTools/SDKs/MacOSX13.3.sdk -Wl,-search_paths_first -Wl,-headerpad_max_install_names CMakeFiles/cmTC_dcd51.dir/src.cxx.o -o cmTC_dcd51 


Source file was:
int main() { return 0; }

Performing C++ SOURCE FILE Test CXXFLAG_WTYPE_LIMITS_OKAY succeeded with the following output:
Change Dir: /Users/prashant/Desktop/Snakes_And_Laddes/cmake-build-debug/CMakeFiles/CMakeScratch/TryCompile-lNuqBK

Run Build Command(s):/usr/bin/make -f Makefile cmTC_34d50/fast && /Library/Developer/CommandLineTools/usr/bin/make  -f CMakeFiles/cmTC_34d50.dir/build.make CMakeFiles/cmTC_34d50.dir/build
Building CXX object CMakeFiles/cmTC_34d50.dir/src.cxx.o
/Library/Developer/CommandLineTools/usr/bin/c++ -DCXXFLAG_WTYPE_LIMITS_OKAY  -arch arm64 -isysroot /Library/Developer/CommandLineTools/SDKs/MacOSX13.3.sdk -fcolor-diagnostics   -Wtype-limits -MD -MT CMakeFiles/cmTC_34d50.dir/src.cxx.o -MF CMakeFiles/cmTC_34d50.dir/src.cxx.o.d -o CMakeFiles/cmTC_34d50.dir/src.cxx.o -c /Users/prashant/Desktop/Snakes_And_Laddes/cmake-build-debug/CMakeFiles/CMakeScratch/TryCompile-lNuqBK/src.cxx
Linking CXX executable cmTC_34d50
/Applications/CLion.app/Contents/bin/cmake/mac/bin/cmake -E cmake_link_script CMakeFiles/cmTC_34d50.dir/link.txt --verbose=1
/Library/Developer/CommandLineTools/usr/bin/c++  -arch arm64 -isysroot /Library/Developer/CommandLineTools/SDKs/MacOSX13.3.sdk -Wl,-search_paths_first -Wl,-headerpad_max_install_names CMakeFiles/cmTC_34d50.dir/src.cxx.o -o cmTC_34d50 


Source file was:
int main() { return 0; }

Performing C++ SOURCE FILE Test CXXFLAG_WWRITE_STRINGS_OKAY succeeded with the following output:
Change Dir: /Users/prashant/Desktop/Snakes_And_Laddes/cmake-build-debug/CMakeFiles/CMakeScratch/TryCompile-Cb3dHP

Run Build Command(s):/usr/bin/make -f Makefile cmTC_169c3/fast && /Library/Developer/CommandLineTools/usr/bin/make  -f CMakeFiles/cmTC_169c3.dir/build.make CMakeFiles/cmTC_169c3.dir/build
Building CXX object CMakeFiles/cmTC_169c3.dir/src.cxx.o
/Library/Developer/CommandLineTools/usr/bin/c++ -DCXXFLAG_WWRITE_STRINGS_OKAY  -arch arm64 -isysroot /Library/Developer/CommandLineTools/SDKs/MacOSX13.3.sdk -fcolor-diagnostics   -Wwrite-strings -MD -MT CMakeFiles/cmTC_169c3.dir/src.cxx.o -MF CMakeFiles/cmTC_169c3.dir/src.cxx.o.d -o CMakeFiles/cmTC_169c3.dir/src.cxx.o -c /Users/prashant/Desktop/Snakes_And_Laddes/cmake-build-debug/CMakeFiles/CMakeScratch/TryCompile-Cb3dHP/src.cxx
Linking CXX executable cmTC_169c3
/Applications/CLion.app/Contents/bin/cmake/mac/bin/cmake -E cmake_link_script CMakeFiles/cmTC_169c3.dir/link.txt --verbose=1
/Library/Developer/CommandLineTools/usr/bin/c++  -arch arm64 -isysroot /Library/Developer/CommandLineTools/SDKs/MacOSX13.3.sdk -Wl,-search_paths_first -Wl,-headerpad_max_install_names CMakeFiles/cmTC_169c3.dir/src.cxx.o -o cmTC_169c3 


Source file was:
int main() { return 0; }

Performing C++ SOURCE FILE Test CXXFLAG_WERROR_BOOL_OPERATION_OKAY succeeded with the following output:
Change Dir: /Users/prashant/Desktop/Snakes_And_Laddes/cmake-build-debug/CMakeFiles/CMakeScratch/TryCompile-K6Lns3

Run Build Command(s):/usr/bin/make -f Makefile cmTC_f0715/fast && /Library/Developer/CommandLineTools/usr/bin/make  -f CMakeFiles/cmTC_f0715.dir/build.make CMakeFiles/cmTC_f0715.dir/build
Building CXX object CMakeFiles/cmTC_f0715.dir/src.cxx.o
/Library/Developer/CommandLineTools/usr/bin/c++ -DCXXFLAG_WERROR_BOOL_OPERATION_OKAY  -arch arm64 -isysroot /Library/Developer/CommandLineTools/SDKs/MacOSX13.3.sdk -fcolor-diagnostics   -Werror=bool-operation -MD -MT CMakeFiles/cmTC_f0715.dir/src.cxx.o -MF CMakeFiles/cmTC_f0715.dir/src.cxx.o.d -o CMakeFiles/cmTC_f0715.dir/src.cxx.o -c /Users/prashant/Desktop/Snakes_And_Laddes/cmake-build-debug/CMakeFiles/CMakeScratch/TryCompile-K6Lns3/src.cxx
Linking CXX executable cmTC_f0715
/Applications/CLion.app/Contents/bin/cmake/mac/bin/cmake -E cmake_link_script CMakeFiles/cmTC_f0715.dir/link.txt --verbose=1
/Library/Developer/CommandLineTools/usr/bin/c++  -arch arm64 -isysroot /Library/Developer/CommandLineTools/SDKs/MacOSX13.3.sdk -Wl,-search_paths_first -Wl,-headerpad_max_install_names CMakeFiles/cmTC_f0715.dir/src.cxx.o -o cmTC_f0715 


Source file was:
int main() { return 0; }

Performing C++ SOURCE FILE Test CXXFLAG_WERROR_INT_TO_POINTER_CAST_OKAY succeeded with the following output:
Change Dir: /Users/prashant/Desktop/Snakes_And_Laddes/cmake-build-debug/CMakeFiles/CMakeScratch/TryCompile-GJBr1P

Run Build Command(s):/usr/bin/make -f Makefile cmTC_5fcc1/fast && /Library/Developer/CommandLineTools/usr/bin/make  -f CMakeFiles/cmTC_5fcc1.dir/build.make CMakeFiles/cmTC_5fcc1.dir/build
Building CXX object CMakeFiles/cmTC_5fcc1.dir/src.cxx.o
/Library/Developer/CommandLineTools/usr/bin/c++ -DCXXFLAG_WERROR_INT_TO_POINTER_CAST_OKAY  -arch arm64 -isysroot /Library/Developer/CommandLineTools/SDKs/MacOSX13.3.sdk -fcolor-diagnostics   -Werror=int-to-pointer-cast -MD -MT CMakeFiles/cmTC_5fcc1.dir/src.cxx.o -MF CMakeFiles/cmTC_5fcc1.dir/src.cxx.o.d -o CMakeFiles/cmTC_5fcc1.dir/src.cxx.o -c /Users/prashant/Desktop/Snakes_And_Laddes/cmake-build-debug/CMakeFiles/CMakeScratch/TryCompile-GJBr1P/src.cxx
Linking CXX executable cmTC_5fcc1
/Applications/CLion.app/Contents/bin/cmake/mac/bin/cmake -E cmake_link_script CMakeFiles/cmTC_5fcc1.dir/link.txt --verbose=1
/Library/Developer/CommandLineTools/usr/bin/c++  -arch arm64 -isysroot /Library/Developer/CommandLineTools/SDKs/MacOSX13.3.sdk -Wl,-search_paths_first -Wl,-headerpad_max_install_names CMakeFiles/cmTC_5fcc1.dir/src.cxx.o -o cmTC_5fcc1 


Source file was:
int main() { return 0; }

Performing C++ SOURCE FILE Test CXXFLAG_WERROR_RETURN_TYPE_OKAY succeeded with the following output:
Change Dir: /Users/prashant/Desktop/Snakes_And_Laddes/cmake-build-debug/CMakeFiles/CMakeScratch/TryCompile-rA0ApK

Run Build Command(s):/usr/bin/make -f Makefile cmTC_51d23/fast && /Library/Developer/CommandLineTools/usr/bin/make  -f CMakeFiles/cmTC_51d23.dir/build.make CMakeFiles/cmTC_51d23.dir/build
Building CXX object CMakeFiles/cmTC_51d23.dir/src.cxx.o
/Library/Developer/CommandLineTools/usr/bin/c++ -DCXXFLAG_WERROR_RETURN_TYPE_OKAY  -arch arm64 -isysroot /Library/Developer/CommandLineTools/SDKs/MacOSX13.3.sdk -fcolor-diagnostics   -Werror=return-type -MD -MT CMakeFiles/cmTC_51d23.dir/src.cxx.o -MF CMakeFiles/cmTC_51d23.dir/src.cxx.o.d -o CMakeFiles/cmTC_51d23.dir/src.cxx.o -c /Users/prashant/Desktop/Snakes_And_Laddes/cmake-build-debug/CMakeFiles/CMakeScratch/TryCompile-rA0ApK/src.cxx
Linking CXX executable cmTC_51d23
/Applications/CLion.app/Contents/bin/cmake/mac/bin/cmake -E cmake_link_script CMakeFiles/cmTC_51d23.dir/link.txt --verbose=1
/Library/Developer/CommandLineTools/usr/bin/c++  -arch arm64 -isysroot /Library/Developer/CommandLineTools/SDKs/MacOSX13.3.sdk -Wl,-search_paths_first -Wl,-headerpad_max_install_names CMakeFiles/cmTC_51d23.dir/src.cxx.o -o cmTC_51d23 


Source file was:
int main() { return 0; }

Performing C++ SOURCE FILE Test CXXFLAG_WERROR_UNINITIALIZED_OKAY succeeded with the following output:
Change Dir: /Users/prashant/Desktop/Snakes_And_Laddes/cmake-build-debug/CMakeFiles/CMakeScratch/TryCompile-5g7LM3

Run Build Command(s):/usr/bin/make -f Makefile cmTC_55b28/fast && /Library/Developer/CommandLineTools/usr/bin/make  -f CMakeFiles/cmTC_55b28.dir/build.make CMakeFiles/cmTC_55b28.dir/build
Building CXX object CMakeFiles/cmTC_55b28.dir/src.cxx.o
/Library/Developer/CommandLineTools/usr/bin/c++ -DCXXFLAG_WERROR_UNINITIALIZED_OKAY  -arch arm64 -isysroot /Library/Developer/CommandLineTools/SDKs/MacOSX13.3.sdk -fcolor-diagnostics   -Werror=uninitialized -MD -MT CMakeFiles/cmTC_55b28.dir/src.cxx.o -MF CMakeFiles/cmTC_55b28.dir/src.cxx.o.d -o CMakeFiles/cmTC_55b28.dir/src.cxx.o -c /Users/prashant/Desktop/Snakes_And_Laddes/cmake-build-debug/CMakeFiles/CMakeScratch/TryCompile-5g7LM3/src.cxx
Linking CXX executable cmTC_55b28
/Applications/CLion.app/Contents/bin/cmake/mac/bin/cmake -E cmake_link_script CMakeFiles/cmTC_55b28.dir/link.txt --verbose=1
/Library/Developer/CommandLineTools/usr/bin/c++  -arch arm64 -isysroot /Library/Developer/CommandLineTools/SDKs/MacOSX13.3.sdk -Wl,-search_paths_first -Wl,-headerpad_max_install_names CMakeFiles/cmTC_55b28.dir/src.cxx.o -o cmTC_55b28 


Source file was:
int main() { return 0; }

Performing C++ SOURCE FILE Test LDFLAG_FSANITIZE_UNDEFINED_OKAY succeeded with the following output:
Change Dir: /Users/prashant/Desktop/Snakes_And_Laddes/cmake-build-debug/CMakeFiles/CMakeScratch/TryCompile-QXZta8

Run Build Command(s):/usr/bin/make -f Makefile cmTC_7b5dc/fast && /Library/Developer/CommandLineTools/usr/bin/make  -f CMakeFiles/cmTC_7b5dc.dir/build.make CMakeFiles/cmTC_7b5dc.dir/build
Building CXX object CMakeFiles/cmTC_7b5dc.dir/src.cxx.o
/Library/Developer/CommandLineTools/usr/bin/c++ -DLDFLAG_FSANITIZE_UNDEFINED_OKAY  -fsanitize=undefined  -arch arm64 -isysroot /Library/Developer/CommandLineTools/SDKs/MacOSX13.3.sdk -fcolor-diagnostics -MD -MT CMakeFiles/cmTC_7b5dc.dir/src.cxx.o -MF CMakeFiles/cmTC_7b5dc.dir/src.cxx.o.d -o CMakeFiles/cmTC_7b5dc.dir/src.cxx.o -c /Users/prashant/Desktop/Snakes_And_Laddes/cmake-build-debug/CMakeFiles/CMakeScratch/TryCompile-QXZta8/src.cxx
Linking CXX executable cmTC_7b5dc
/Applications/CLion.app/Contents/bin/cmake/mac/bin/cmake -E cmake_link_script CMakeFiles/cmTC_7b5dc.dir/link.txt --verbose=1
/Library/Developer/CommandLineTools/usr/bin/c++  -fsanitize=undefined  -arch arm64 -isysroot /Library/Developer/CommandLineTools/SDKs/MacOSX13.3.sdk -Wl,-search_paths_first -Wl,-headerpad_max_install_names CMakeFiles/cmTC_7b5dc.dir/src.cxx.o -o cmTC_7b5dc 


Source file was:
int main(){}

